android/app/build/intermediates/manifest_merge_blame_file/debug/manifest-merger-blame-debug-report.txt
1<?xml version="1.0" encoding="utf-8"?>
2<manifest xmlns:android="http://schemas.android.com/apk/res/android"
3    package="com.tsurimapmaker"
4    android:versionCode="1"
5    android:versionName="1.0" >
6
7    <uses-sdk
8        android:minSdkVersion="21"
9        android:targetSdkVersion="30" />
10
11    <uses-permission android:name="android.permission.SYSTEM_ALERT_WINDOW" />
11-->src/debug/AndroidManifest.xml:5:5-77
11-->src/debug/AndroidManifest.xml:5:22-75
12    <uses-permission android:name="android.permission.INTERNET" />
12-->src/main/AndroidManifest.xml:4:5-67
12-->src/main/AndroidManifest.xml:4:22-64
13    <uses-permission android:name="android.permission.ACCESS_WIFI_STATE" />
13-->[com.facebook.flipper:flipper:0.99.0] AndroidManifest.xml:16:5-76
13-->[com.facebook.flipper:flipper:0.99.0] AndroidManifest.xml:16:22-73
14    <uses-permission android:name="android.permission.ACCESS_COARSE_LOCATION" />
14-->[:react-native-maps] AndroidManifest.xml:10:5-81
14-->[:react-native-maps] AndroidManifest.xml:10:22-78
15    <uses-permission android:name="android.permission.WAKE_LOCK" />
15-->[androidx.work:work-runtime:2.5.0] AndroidManifest.xml:25:5-68
15-->[androidx.work:work-runtime:2.5.0] AndroidManifest.xml:25:22-65
16    <uses-permission android:name="android.permission.ACCESS_NETWORK_STATE" />
16-->[androidx.work:work-runtime:2.5.0] AndroidManifest.xml:26:5-79
16-->[androidx.work:work-runtime:2.5.0] AndroidManifest.xml:26:22-76
17    <uses-permission android:name="android.permission.RECEIVE_BOOT_COMPLETED" />
17-->[androidx.work:work-runtime:2.5.0] AndroidManifest.xml:27:5-81
17-->[androidx.work:work-runtime:2.5.0] AndroidManifest.xml:27:22-78
18    <uses-permission android:name="android.permission.FOREGROUND_SERVICE" />
18-->[androidx.work:work-runtime:2.5.0] AndroidManifest.xml:28:5-77
18-->[androidx.work:work-runtime:2.5.0] AndroidManifest.xml:28:22-74
19
20    <uses-feature
20-->[com.google.android.gms:play-services-maps:17.0.0] AndroidManifest.xml:26:5-28:35
21        android:glEsVersion="0x00020000"
21-->[com.google.android.gms:play-services-maps:17.0.0] AndroidManifest.xml:27:9-41
22        android:required="true" />
22-->[com.google.android.gms:play-services-maps:17.0.0] AndroidManifest.xml:28:9-32
23
24    <application
24-->src/main/AndroidManifest.xml:6:5-30:19
25        android:name="com.tsurimapmaker.MainApplication"
25-->src/main/AndroidManifest.xml:7:7-38
26        android:allowBackup="false"
26-->src/main/AndroidManifest.xml:11:7-34
27        android:appComponentFactory="androidx.core.app.CoreComponentFactory"
27-->[androidx.core:core:1.5.0] AndroidManifest.xml:24:18-86
28        android:debuggable="true"
29        android:icon="@mipmap/ic_launcher"
29-->src/main/AndroidManifest.xml:9:7-41
30        android:label="@string/app_name"
30-->src/main/AndroidManifest.xml:8:7-39
31        android:roundIcon="@mipmap/ic_launcher_round"
31-->src/main/AndroidManifest.xml:10:7-52
32        android:theme="@style/AppTheme"
32-->src/main/AndroidManifest.xml:12:7-38
33        android:usesCleartextTraffic="true" >
33-->src/debug/AndroidManifest.xml:8:9-44
34        <activity android:name="com.facebook.react.devsupport.DevSettingsActivity" />
34-->src/debug/AndroidManifest.xml:11:9-86
34-->src/debug/AndroidManifest.xml:11:19-83
35
36        <meta-data
36-->src/main/AndroidManifest.xml:13:7-15:67
37            android:name="com.google.android.geo.API_KEY"
37-->src/main/AndroidManifest.xml:14:9-54
38            android:value="AIzaSyBVwaOoh7HKZ5OKr-aHIcklQD7QylLYaHM" />
38-->src/main/AndroidManifest.xml:15:9-64
39
40        <uses-library
40-->src/main/AndroidManifest.xml:17:7-86
41            android:name="org.apache.http.legacy"
41-->src/main/AndroidManifest.xml:17:21-58
42            android:required="false" />
42-->src/main/AndroidManifest.xml:17:59-83
43
44        <activity
44-->src/main/AndroidManifest.xml:19:7-29:18
45            android:name="com.tsurimapmaker.MainActivity"
45-->src/main/AndroidManifest.xml:20:9-37
46            android:configChanges="keyboard|keyboardHidden|orientation|screenSize|uiMode"
46-->src/main/AndroidManifest.xml:22:9-86
47            android:label="@string/app_name"
47-->src/main/AndroidManifest.xml:21:9-41
48            android:launchMode="singleTask"
48-->src/main/AndroidManifest.xml:23:9-40
49            android:windowSoftInputMode="adjustResize" >
49-->src/main/AndroidManifest.xml:24:9-51
50            <intent-filter>
50-->src/main/AndroidManifest.xml:25:9-28:25
51                <action android:name="android.intent.action.MAIN" />
51-->src/main/AndroidManifest.xml:26:13-65
51-->src/main/AndroidManifest.xml:26:21-62
52
53                <category android:name="android.intent.category.LAUNCHER" />
53-->src/main/AndroidManifest.xml:27:13-73
53-->src/main/AndroidManifest.xml:27:23-70
54            </intent-filter>
55        </activity>
56
57        <provider
57-->[androidx.work:work-runtime:2.5.0] AndroidManifest.xml:31:9-37:35
58            android:name="androidx.work.impl.WorkManagerInitializer"
58-->[androidx.work:work-runtime:2.5.0] AndroidManifest.xml:32:13-69
59            android:authorities="com.tsurimapmaker.workmanager-init"
59-->[androidx.work:work-runtime:2.5.0] AndroidManifest.xml:33:13-68
60            android:directBootAware="false"
60-->[androidx.work:work-runtime:2.5.0] AndroidManifest.xml:34:13-44
61            android:exported="false"
61-->[androidx.work:work-runtime:2.5.0] AndroidManifest.xml:35:13-37
62            android:multiprocess="true" />
62-->[androidx.work:work-runtime:2.5.0] AndroidManifest.xml:36:13-40
63
64        <service
64-->[androidx.work:work-runtime:2.5.0] AndroidManifest.xml:39:9-44:35
65            android:name="androidx.work.impl.background.systemalarm.SystemAlarmService"
65-->[androidx.work:work-runtime:2.5.0] AndroidManifest.xml:40:13-88
66            android:directBootAware="false"
66-->[androidx.work:work-runtime:2.5.0] AndroidManifest.xml:41:13-44
67            android:enabled="@bool/enable_system_alarm_service_default"
67-->[androidx.work:work-runtime:2.5.0] AndroidManifest.xml:42:13-72
68            android:exported="false" />
68-->[androidx.work:work-runtime:2.5.0] AndroidManifest.xml:43:13-37
69        <service
69-->[androidx.work:work-runtime:2.5.0] AndroidManifest.xml:45:9-51:35
70            android:name="androidx.work.impl.background.systemjob.SystemJobService"
70-->[androidx.work:work-runtime:2.5.0] AndroidManifest.xml:46:13-84
71            android:directBootAware="false"
71-->[androidx.work:work-runtime:2.5.0] AndroidManifest.xml:47:13-44
72            android:enabled="@bool/enable_system_job_service_default"
72-->[androidx.work:work-runtime:2.5.0] AndroidManifest.xml:48:13-70
73            android:exported="true"
73-->[androidx.work:work-runtime:2.5.0] AndroidManifest.xml:49:13-36
74            android:permission="android.permission.BIND_JOB_SERVICE" />
74-->[androidx.work:work-runtime:2.5.0] AndroidManifest.xml:50:13-69
75        <service
75-->[androidx.work:work-runtime:2.5.0] AndroidManifest.xml:52:9-57:35
76            android:name="androidx.work.impl.foreground.SystemForegroundService"
76-->[androidx.work:work-runtime:2.5.0] AndroidManifest.xml:53:13-81
77            android:directBootAware="false"
77-->[androidx.work:work-runtime:2.5.0] AndroidManifest.xml:54:13-44
78            android:enabled="@bool/enable_system_foreground_service_default"
78-->[androidx.work:work-runtime:2.5.0] AndroidManifest.xml:55:13-77
79            android:exported="false" />
79-->[androidx.work:work-runtime:2.5.0] AndroidManifest.xml:56:13-37
80
81        <receiver
81-->[androidx.work:work-runtime:2.5.0] AndroidManifest.xml:59:9-64:35
82            android:name="androidx.work.impl.utils.ForceStopRunnable$BroadcastReceiver"
82-->[androidx.work:work-runtime:2.5.0] AndroidManifest.xml:60:13-88
83            android:directBootAware="false"
83-->[androidx.work:work-runtime:2.5.0] AndroidManifest.xml:61:13-44
84            android:enabled="true"
84-->[androidx.work:work-runtime:2.5.0] AndroidManifest.xml:62:13-35
85            android:exported="false" />
85-->[androidx.work:work-runtime:2.5.0] AndroidManifest.xml:63:13-37
86        <receiver
86-->[androidx.work:work-runtime:2.5.0] AndroidManifest.xml:65:9-75:20
87            android:name="androidx.work.impl.background.systemalarm.ConstraintProxy$BatteryChargingProxy"
87-->[androidx.work:work-runtime:2.5.0] AndroidManifest.xml:66:13-106
88            android:directBootAware="false"
88-->[androidx.work:work-runtime:2.5.0] AndroidManifest.xml:67:13-44
89            android:enabled="false"
89-->[androidx.work:work-runtime:2.5.0] AndroidManifest.xml:68:13-36
90            android:exported="false" >
90-->[androidx.work:work-runtime:2.5.0] AndroidManifest.xml:69:13-37
91            <intent-filter>
91-->[androidx.work:work-runtime:2.5.0] AndroidManifest.xml:71:13-74:29
92                <action android:name="android.intent.action.ACTION_POWER_CONNECTED" />
92-->[androidx.work:work-runtime:2.5.0] AndroidManifest.xml:72:17-87
92-->[androidx.work:work-runtime:2.5.0] AndroidManifest.xml:72:25-84
93                <action android:name="android.intent.action.ACTION_POWER_DISCONNECTED" />
93-->[androidx.work:work-runtime:2.5.0] AndroidManifest.xml:73:17-90
93-->[androidx.work:work-runtime:2.5.0] AndroidManifest.xml:73:25-87
94            </intent-filter>
95        </receiver>
96        <receiver
96-->[androidx.work:work-runtime:2.5.0] AndroidManifest.xml:76:9-86:20
97            android:name="androidx.work.impl.background.systemalarm.ConstraintProxy$BatteryNotLowProxy"
97-->[androidx.work:work-runtime:2.5.0] AndroidManifest.xml:77:13-104
98            android:directBootAware="false"
98-->[androidx.work:work-runtime:2.5.0] AndroidManifest.xml:78:13-44
99            android:enabled="false"
99-->[androidx.work:work-runtime:2.5.0] AndroidManifest.xml:79:13-36
100            android:exported="false" >
100-->[androidx.work:work-runtime:2.5.0] AndroidManifest.xml:80:13-37
101            <intent-filter>
101-->[androidx.work:work-runtime:2.5.0] AndroidManifest.xml:82:13-85:29
102                <action android:name="android.intent.action.BATTERY_OKAY" />
102-->[androidx.work:work-runtime:2.5.0] AndroidManifest.xml:83:17-77
102-->[androidx.work:work-runtime:2.5.0] AndroidManifest.xml:83:25-74
103                <action android:name="android.intent.action.BATTERY_LOW" />
103-->[androidx.work:work-runtime:2.5.0] AndroidManifest.xml:84:17-76
103-->[androidx.work:work-runtime:2.5.0] AndroidManifest.xml:84:25-73
104            </intent-filter>
105        </receiver>
106        <receiver
106-->[androidx.work:work-runtime:2.5.0] AndroidManifest.xml:87:9-97:20
107            android:name="androidx.work.impl.background.systemalarm.ConstraintProxy$StorageNotLowProxy"
107-->[androidx.work:work-runtime:2.5.0] AndroidManifest.xml:88:13-104
108            android:directBootAware="false"
108-->[androidx.work:work-runtime:2.5.0] AndroidManifest.xml:89:13-44
109            android:enabled="false"
109-->[androidx.work:work-runtime:2.5.0] AndroidManifest.xml:90:13-36
110            android:exported="false" >
110-->[androidx.work:work-runtime:2.5.0] AndroidManifest.xml:91:13-37
111            <intent-filter>
111-->[androidx.work:work-runtime:2.5.0] AndroidManifest.xml:93:13-96:29
112                <action android:name="android.intent.action.DEVICE_STORAGE_LOW" />
112-->[androidx.work:work-runtime:2.5.0] AndroidManifest.xml:94:17-83
112-->[androidx.work:work-runtime:2.5.0] AndroidManifest.xml:94:25-80
113                <action android:name="android.intent.action.DEVICE_STORAGE_OK" />
113-->[androidx.work:work-runtime:2.5.0] AndroidManifest.xml:95:17-82
113-->[androidx.work:work-runtime:2.5.0] AndroidManifest.xml:95:25-79
114            </intent-filter>
115        </receiver>
116        <receiver
116-->[androidx.work:work-runtime:2.5.0] AndroidManifest.xml:98:9-107:20
117            android:name="androidx.work.impl.background.systemalarm.ConstraintProxy$NetworkStateProxy"
117-->[androidx.work:work-runtime:2.5.0] AndroidManifest.xml:99:13-103
118            android:directBootAware="false"
118-->[androidx.work:work-runtime:2.5.0] AndroidManifest.xml:100:13-44
119            android:enabled="false"
119-->[androidx.work:work-runtime:2.5.0] AndroidManifest.xml:101:13-36
120            android:exported="false" >
120-->[androidx.work:work-runtime:2.5.0] AndroidManifest.xml:102:13-37
121            <intent-filter>
121-->[androidx.work:work-runtime:2.5.0] AndroidManifest.xml:104:13-106:29
122                <action android:name="android.net.conn.CONNECTIVITY_CHANGE" />
122-->[androidx.work:work-runtime:2.5.0] AndroidManifest.xml:105:17-79
122-->[androidx.work:work-runtime:2.5.0] AndroidManifest.xml:105:25-76
123            </intent-filter>
124        </receiver>
125        <receiver
125-->[androidx.work:work-runtime:2.5.0] AndroidManifest.xml:108:9-119:20
126            android:name="androidx.work.impl.background.systemalarm.RescheduleReceiver"
126-->[androidx.work:work-runtime:2.5.0] AndroidManifest.xml:109:13-88
127            android:directBootAware="false"
127-->[androidx.work:work-runtime:2.5.0] AndroidManifest.xml:110:13-44
128            android:enabled="false"
128-->[androidx.work:work-runtime:2.5.0] AndroidManifest.xml:111:13-36
129            android:exported="false" >
129-->[androidx.work:work-runtime:2.5.0] AndroidManifest.xml:112:13-37
130            <intent-filter>
130-->[androidx.work:work-runtime:2.5.0] AndroidManifest.xml:114:13-118:29
131                <action android:name="android.intent.action.BOOT_COMPLETED" />
131-->[androidx.work:work-runtime:2.5.0] AndroidManifest.xml:115:17-79
131-->[androidx.work:work-runtime:2.5.0] AndroidManifest.xml:115:25-76
132                <action android:name="android.intent.action.TIME_SET" />
132-->[androidx.work:work-runtime:2.5.0] AndroidManifest.xml:116:17-73
132-->[androidx.work:work-runtime:2.5.0] AndroidManifest.xml:116:25-70
133                <action android:name="android.intent.action.TIMEZONE_CHANGED" />
133-->[androidx.work:work-runtime:2.5.0] AndroidManifest.xml:117:17-81
133-->[androidx.work:work-runtime:2.5.0] AndroidManifest.xml:117:25-78
134            </intent-filter>
135        </receiver>
136        <receiver
136-->[androidx.work:work-runtime:2.5.0] AndroidManifest.xml:120:9-129:20
137            android:name="androidx.work.impl.background.systemalarm.ConstraintProxyUpdateReceiver"
137-->[androidx.work:work-runtime:2.5.0] AndroidManifest.xml:121:13-99
138            android:directBootAware="false"
138-->[androidx.work:work-runtime:2.5.0] AndroidManifest.xml:122:13-44
139            android:enabled="@bool/enable_system_alarm_service_default"
139-->[androidx.work:work-runtime:2.5.0] AndroidManifest.xml:123:13-72
140            android:exported="false" >
140-->[androidx.work:work-runtime:2.5.0] AndroidManifest.xml:124:13-37
141            <intent-filter>
141-->[androidx.work:work-runtime:2.5.0] AndroidManifest.xml:126:13-128:29
142                <action android:name="androidx.work.impl.background.systemalarm.UpdateProxies" />
142-->[androidx.work:work-runtime:2.5.0] AndroidManifest.xml:127:17-98
142-->[androidx.work:work-runtime:2.5.0] AndroidManifest.xml:127:25-95
143            </intent-filter>
144        </receiver>
145        <receiver
145-->[androidx.work:work-runtime:2.5.0] AndroidManifest.xml:130:9-140:20
146            android:name="androidx.work.impl.diagnostics.DiagnosticsReceiver"
146-->[androidx.work:work-runtime:2.5.0] AndroidManifest.xml:131:13-78
147            android:directBootAware="false"
147-->[androidx.work:work-runtime:2.5.0] AndroidManifest.xml:132:13-44
148            android:enabled="true"
148-->[androidx.work:work-runtime:2.5.0] AndroidManifest.xml:133:13-35
149            android:exported="true"
149-->[androidx.work:work-runtime:2.5.0] AndroidManifest.xml:134:13-36
150            android:permission="android.permission.DUMP" >
150-->[androidx.work:work-runtime:2.5.0] AndroidManifest.xml:135:13-57
151            <intent-filter>
151-->[androidx.work:work-runtime:2.5.0] AndroidManifest.xml:137:13-139:29
152                <action android:name="androidx.work.diagnostics.REQUEST_DIAGNOSTICS" />
152-->[androidx.work:work-runtime:2.5.0] AndroidManifest.xml:138:17-88
152-->[androidx.work:work-runtime:2.5.0] AndroidManifest.xml:138:25-85
153            </intent-filter>
154        </receiver>
155
156        <service
156-->[androidx.room:room-runtime:2.2.5] AndroidManifest.xml:25:9-28:40
157            android:name="androidx.room.MultiInstanceInvalidationService"
157-->[androidx.room:room-runtime:2.2.5] AndroidManifest.xml:26:13-74
158            android:directBootAware="true"
158-->[androidx.room:room-runtime:2.2.5] AndroidManifest.xml:27:13-43
159            android:exported="false" />
159-->[androidx.room:room-runtime:2.2.5] AndroidManifest.xml:28:13-37
160
161        <activity
161-->[com.google.android.gms:play-services-base:17.0.0] AndroidManifest.xml:23:9-26:75
162            android:name="com.google.android.gms.common.api.GoogleApiActivity"
162-->[com.google.android.gms:play-services-base:17.0.0] AndroidManifest.xml:24:13-79
163            android:exported="false"
163-->[com.google.android.gms:play-services-base:17.0.0] AndroidManifest.xml:25:13-37
164            android:theme="@android:style/Theme.Translucent.NoTitleBar" />
164-->[com.google.android.gms:play-services-base:17.0.0] AndroidManifest.xml:26:13-72
165
166        <meta-data
166-->[com.google.android.gms:play-services-basement:17.0.0] AndroidManifest.xml:23:9-25:69
167            android:name="com.google.android.gms.version"
167-->[com.google.android.gms:play-services-basement:17.0.0] AndroidManifest.xml:24:13-58
168            android:value="@integer/google_play_services_version" />
168-->[com.google.android.gms:play-services-basement:17.0.0] AndroidManifest.xml:25:13-66
169    </application>
170
171</manifest>